<?xml version="1.0" encoding="UTF-8"?>
<testng-results skipped="0" failed="0" total="2" passed="2">
  <reporter-output>
    <line>
      <![CDATA[Cost:101.00]]>
    </line>
    <line>
      <![CDATA[Cost:70850.00]]>
    </line>
  </reporter-output>
  <suite name="Suite" duration-ms="32" started-at="2016-02-06T06:01:49Z" finished-at="2016-02-06T06:01:49Z">
    <groups>
    </groups>
    <test name="TotalCostTest" duration-ms="32" started-at="2016-02-06T06:01:49Z" finished-at="2016-02-06T06:01:49Z">
      <class name="com.chintan.tax.person.TaxPersonTest">
        <test-method status="PASS" signature="beforeMethod()[pri:0, instance:com.chintan.tax.person.TaxPersonTest@2eee9593]" name="beforeMethod" is-config="true" duration-ms="6" started-at="2016-02-05T22:01:49Z" finished-at="2016-02-05T22:01:49Z">
          <reporter-output>
          </reporter-output>
        </test-method> <!-- beforeMethod -->
        <test-method status="PASS" signature="totalCostTest(com.chintan.tax.person.ItemInfo)[pri:0, instance:com.chintan.tax.person.TaxPersonTest@2eee9593]" name="totalCostTest" duration-ms="7" started-at="2016-02-05T22:01:49Z" data-provider="items" finished-at="2016-02-05T22:01:49Z">
          <params>
            <param index="0">
              <value>
                <![CDATA[ItemInfo [itemName=Pepsodent Tooth Brush, itemType=Necessary, itemPrice=100]]]>
              </value>
            </param>
          </params>
          <reporter-output>
            <line>
              <![CDATA[Cost:101.00]]>
            </line>
          </reporter-output>
        </test-method> <!-- totalCostTest -->
        <test-method status="PASS" signature="beforeMethod()[pri:0, instance:com.chintan.tax.person.TaxPersonTest@2eee9593]" name="beforeMethod" is-config="true" duration-ms="0" started-at="2016-02-05T22:01:49Z" finished-at="2016-02-05T22:01:49Z">
          <reporter-output>
          </reporter-output>
        </test-method> <!-- beforeMethod -->
        <test-method status="PASS" signature="totalCostTest(com.chintan.tax.person.ItemInfo)[pri:0, instance:com.chintan.tax.person.TaxPersonTest@2eee9593]" name="totalCostTest" duration-ms="1" started-at="2016-02-05T22:01:49Z" data-provider="items" finished-at="2016-02-05T22:01:49Z">
          <params>
            <param index="0">
              <value>
                <![CDATA[ItemInfo [itemName=iPhone, itemType=Luxury, itemPrice=65000]]]>
              </value>
            </param>
          </params>
          <reporter-output>
            <line>
              <![CDATA[Cost:70850.00]]>
            </line>
          </reporter-output>
        </test-method> <!-- totalCostTest -->
      </class> <!-- com.chintan.tax.person.TaxPersonTest -->
    </test> <!-- TotalCostTest -->
  </suite> <!-- Suite -->
</testng-results>
